生成启动时间为 2024/3/4 12:40:17。
     1>项目“N:\obsidian\xjcaWork\Project\2023\bjca-捷宇-有方\bjca-捷宇-有方-统一适配Pro\Main\PadDll\PadDll\jieyuLib\JYPadDll\JYMFCAppActiveXGetDevNum\JYMFCAppActiveXGetDevNum.vcxproj”在节点 2 上(Rebuild 个目标)。
     1>ClCompile:
         S:\Program Files (x86)\Microsoft Visual Studio 12.0\VC\bin\CL.exe /c /Zi /nologo /W3 /WX- /sdl /O2 /Oi /Oy- /GL /D WIN32 /D _WINDOWS /D NDEBUG /D _MBCS /D _AFXDLL /Gm- /EHsc /MD /GS /Gy /fp:precise /Zc:wchar_t /Zc:forScope /Yc"stdafx.h" /Fp"Release\JYMFCAppActiveXGetDevNum.pch" /Fo"Release\\" /Fd"Release\vc120.pdb" /Gd /TP /analyze- /errorReport:prompt stdafx.cpp
         stdafx.cpp
     1>S:\Program Files (x86)\Microsoft Visual Studio 12.0\VC\atlmfc\include\afx.h(38): warning C4996: 'MBCS_Support_Deprecated_In_MFC': MBCS support in MFC is deprecated and may be removed in a future version of MFC.
                 S:\Program Files (x86)\Microsoft Visual Studio 12.0\VC\atlmfc\include\afx.h(33) : 参见“MBCS_Support_Deprecated_In_MFC”的声明
         S:\Program Files (x86)\Microsoft Visual Studio 12.0\VC\bin\CL.exe /c /Zi /nologo /W3 /WX- /sdl /O2 /Oi /Oy- /GL /D WIN32 /D _WINDOWS /D NDEBUG /D _MBCS /D _AFXDLL /Gm- /EHsc /MD /GS /Gy /fp:precise /Zc:wchar_t /Zc:forScope /Yu"stdafx.h" /Fp"Release\JYMFCAppActiveXGetDevNum.pch" /Fo"Release\\" /Fd"Release\vc120.pdb" /Gd /TP /analyze- /errorReport:prompt JYMFCAppActiveXGetDevNum.cpp JYMFCAppActiveXGetDevNumDlg.cpp writingpadctrl1.cpp
         JYMFCAppActiveXGetDevNum.cpp
         JYMFCAppActiveXGetDevNumDlg.cpp
     1>JYMFCAppActiveXGetDevNumDlg.cpp(5): warning C4627: “#include <iostream>”:  在查找预编译头使用时跳过
                 将指令添加到“stdafx.h”或重新生成预编译头
         writingpadctrl1.cpp
       ResourceCompile:
         C:\Program Files (x86)\Windows Kits\8.1\bin\x86\rc.exe /D NDEBUG /D _AFXDLL /l"0x0804" /IRelease\ /nologo /fo"Release\JYMFCAppActiveXGetDevNum.res" JYMFCAppActiveXGetDevNum.rc 
       Link:
         S:\Program Files (x86)\Microsoft Visual Studio 12.0\VC\bin\link.exe /ERRORREPORT:PROMPT /OUT:"N:\obsidian\xjcaWork\Project\2023\bjca-捷宇-有方\bjca-捷宇-有方-统一适配Pro\Main\PadDll\Release\JYMFCAppActiveXGetDevNum.exe" /INCREMENTAL:NO /NOLOGO /MANIFEST /MANIFESTUAC:"level='asInvoker' uiAccess='false'" /manifest:embed /manifestinput:"S:\Program Files (x86)\Microsoft Visual Studio 12.0\VC\Include\Manifest\dpiaware.manifest" /DEBUG /PDB:"N:\obsidian\xjcaWork\Project\2023\bjca-捷宇-有方\bjca-捷宇-有方-统一适配Pro\Main\PadDll\Release\JYMFCAppActiveXGetDevNum.pdb" /SUBSYSTEM:WINDOWS /OPT:REF /OPT:ICF /LTCG /TLBID:1 /DYNAMICBASE /NXCOMPAT /IMPLIB:"N:\obsidian\xjcaWork\Project\2023\bjca-捷宇-有方\bjca-捷宇-有方-统一适配Pro\Main\PadDll\Release\JYMFCAppActiveXGetDevNum.lib" /MACHINE:X86 /SAFESEH Release\JYMFCAppActiveXGetDevNum.res
         Release\JYMFCAppActiveXGetDevNum.obj
         Release\JYMFCAppActiveXGetDevNumDlg.obj
         Release\stdafx.obj
         Release\writingpadctrl1.obj
         正在生成代码
         已完成代码的生成
         JYMFCAppActiveXGetDevNum.vcxproj -> N:\obsidian\xjcaWork\Project\2023\bjca-捷宇-有方\bjca-捷宇-有方-统一适配Pro\Main\PadDll\Release\JYMFCAppActiveXGetDevNum.exe
     1>已完成生成项目“N:\obsidian\xjcaWork\Project\2023\bjca-捷宇-有方\bjca-捷宇-有方-统一适配Pro\Main\PadDll\PadDll\jieyuLib\JYPadDll\JYMFCAppActiveXGetDevNum\JYMFCAppActiveXGetDevNum.vcxproj”(Rebuild 个目标)的操作。

生成成功。

已用时间 00:00:02.37
