生成启动时间为 2024/3/5 13:10:33。
     1>项目“N:\vscode111\111Project\TbltUniAdaptPro\Main\PadDll\PadDll\jieyuLib\JYPadDll\JYMFCAppActiveXGetDevNum\JYMFCAppActiveXGetDevNum.vcxproj”在节点 2 上(Build 个目标)。
     1>ClCompile:
         S:\Program Files (x86)\Microsoft Visual Studio 12.0\VC\bin\CL.exe /c /ZI /nologo /W3 /WX- /sdl /Od /Oy- /D WIN32 /D _WINDOWS /D _DEBUG /D _MBCS /D _AFXDLL /Gm /EHsc /RTC1 /MDd /GS /fp:precise /Zc:wchar_t /Zc:forScope /Yc"stdafx.h" /Fp"Debug\JYMFCAppActiveXGetDevNum.pch" /Fo"Debug\\" /Fd"Debug\vc120.pdb" /Gd /TP /analyze- /errorReport:prompt stdafx.cpp
         stdafx.cpp
     1>s:\program files (x86)\microsoft visual studio 12.0\vc\atlmfc\include\afx.h(38): warning C4996: 'MBCS_Support_Deprecated_In_MFC': MBCS support in MFC is deprecated and may be removed in a future version of MFC.
                 s:\program files (x86)\microsoft visual studio 12.0\vc\atlmfc\include\afx.h(33) : 参见“MBCS_Support_Deprecated_In_MFC”的声明
         S:\Program Files (x86)\Microsoft Visual Studio 12.0\VC\bin\CL.exe /c /ZI /nologo /W3 /WX- /sdl /Od /Oy- /D WIN32 /D _WINDOWS /D _DEBUG /D _MBCS /D _AFXDLL /Gm /EHsc /RTC1 /MDd /GS /fp:precise /Zc:wchar_t /Zc:forScope /Yu"stdafx.h" /Fp"Debug\JYMFCAppActiveXGetDevNum.pch" /Fo"Debug\\" /Fd"Debug\vc120.pdb" /Gd /TP /analyze- /errorReport:prompt JYMFCAppActiveXGetDevNum.cpp JYMFCAppActiveXGetDevNumDlg.cpp writingpadctrl1.cpp
         writingpadctrl1.cpp
         JYMFCAppActiveXGetDevNumDlg.cpp
     1>n:\vscode111\111project\tbltuniadaptpro\main\paddll\paddll\jieyulib\jypaddll\jymfcappactivexgetdevnum\jymfcappactivexgetdevnumdlg.cpp(5): warning C4627: “#include <iostream>”:  在查找预编译头使用时跳过
                 将指令添加到“stdafx.h”或重新生成预编译头
         JYMFCAppActiveXGetDevNum.cpp
         正在生成代码...
       ResourceCompile:
         C:\Program Files (x86)\Windows Kits\8.1\bin\x86\rc.exe /D _DEBUG /D _AFXDLL /l"0x0804" /IDebug\ /nologo /fo"Debug\JYMFCAppActiveXGetDevNum.res" JYMFCAppActiveXGetDevNum.rc 
       Link:
         S:\Program Files (x86)\Microsoft Visual Studio 12.0\VC\bin\link.exe /ERRORREPORT:PROMPT /OUT:"N:\vscode111\111Project\TbltUniAdaptPro\Main\PadDll\Debug\JYMFCAppActiveXGetDevNum.exe" /INCREMENTAL /NOLOGO /MANIFEST /MANIFESTUAC:"level='asInvoker' uiAccess='false'" /manifest:embed /manifestinput:"S:\Program Files (x86)\Microsoft Visual Studio 12.0\VC\Include\Manifest\dpiaware.manifest" /DEBUG /PDB:"N:\vscode111\111Project\TbltUniAdaptPro\Main\PadDll\Debug\JYMFCAppActiveXGetDevNum.pdb" /SUBSYSTEM:WINDOWS /TLBID:1 /DYNAMICBASE /NXCOMPAT /IMPLIB:"N:\vscode111\111Project\TbltUniAdaptPro\Main\PadDll\Debug\JYMFCAppActiveXGetDevNum.lib" /MACHINE:X86 Debug\JYMFCAppActiveXGetDevNum.res
         Debug\JYMFCAppActiveXGetDevNum.obj
         Debug\JYMFCAppActiveXGetDevNumDlg.obj
         Debug\stdafx.obj
         Debug\writingpadctrl1.obj
         JYMFCAppActiveXGetDevNum.vcxproj -> N:\vscode111\111Project\TbltUniAdaptPro\Main\PadDll\Debug\JYMFCAppActiveXGetDevNum.exe
     1>已完成生成项目“N:\vscode111\111Project\TbltUniAdaptPro\Main\PadDll\PadDll\jieyuLib\JYPadDll\JYMFCAppActiveXGetDevNum\JYMFCAppActiveXGetDevNum.vcxproj”(Build 个目标)的操作。

生成成功。

已用时间 00:00:01.74
