n:\obsidian\xjcawork\project\2023\bjca-捷宇-有方\bjca-捷宇-有方-统一适配pro\main\paddll\paddll\jieyulib\jypaddll\jymfcappactivexgetdevnum\debug\jymfcappactivexgetdevnum.pch
n:\obsidian\xjcawork\project\2023\bjca-捷宇-有方\bjca-捷宇-有方-统一适配pro\main\paddll\paddll\jieyulib\jypaddll\jymfcappactivexgetdevnum\debug\vc120.pdb
n:\obsidian\xjcawork\project\2023\bjca-捷宇-有方\bjca-捷宇-有方-统一适配pro\main\paddll\paddll\jieyulib\jypaddll\jymfcappactivexgetdevnum\debug\vc120.idb
n:\obsidian\xjcawork\project\2023\bjca-捷宇-有方\bjca-捷宇-有方-统一适配pro\main\paddll\paddll\jieyulib\jypaddll\jymfcappactivexgetdevnum\debug\stdafx.obj
n:\obsidian\xjcawork\project\2023\bjca-捷宇-有方\bjca-捷宇-有方-统一适配pro\main\paddll\paddll\jieyulib\jypaddll\jymfcappactivexgetdevnum\debug\jymfcappactivexgetdevnum.obj
n:\obsidian\xjcawork\project\2023\bjca-捷宇-有方\bjca-捷宇-有方-统一适配pro\main\paddll\paddll\jieyulib\jypaddll\jymfcappactivexgetdevnum\debug\jymfcappactivexgetdevnumdlg.obj
n:\obsidian\xjcawork\project\2023\bjca-捷宇-有方\bjca-捷宇-有方-统一适配pro\main\paddll\paddll\jieyulib\jypaddll\jymfcappactivexgetdevnum\debug\writingpadctrl1.obj
n:\obsidian\xjcawork\project\2023\bjca-捷宇-有方\bjca-捷宇-有方-统一适配pro\main\paddll\debug\jymfcappactivexgetdevnum.ilk
n:\obsidian\xjcawork\project\2023\bjca-捷宇-有方\bjca-捷宇-有方-统一适配pro\main\paddll\debug\jymfcappactivexgetdevnum.exe
n:\obsidian\xjcawork\project\2023\bjca-捷宇-有方\bjca-捷宇-有方-统一适配pro\main\paddll\debug\jymfcappactivexgetdevnum.pdb
n:\obsidian\xjcawork\project\2023\bjca-捷宇-有方\bjca-捷宇-有方-统一适配pro\main\paddll\paddll\jieyulib\jypaddll\jymfcappactivexgetdevnum\debug\jymfcappactivexgetdevnum.res
n:\obsidian\xjcawork\project\2023\bjca-捷宇-有方\bjca-捷宇-有方-统一适配pro\main\paddll\paddll\jieyulib\jypaddll\jymfcappactivexgetdevnum\debug\jymfcapp.5f560d96.tlog\cl.command.1.tlog
n:\obsidian\xjcawork\project\2023\bjca-捷宇-有方\bjca-捷宇-有方-统一适配pro\main\paddll\paddll\jieyulib\jypaddll\jymfcappactivexgetdevnum\debug\jymfcapp.5f560d96.tlog\cl.read.1.tlog
n:\obsidian\xjcawork\project\2023\bjca-捷宇-有方\bjca-捷宇-有方-统一适配pro\main\paddll\paddll\jieyulib\jypaddll\jymfcappactivexgetdevnum\debug\jymfcapp.5f560d96.tlog\cl.write.1.tlog
n:\obsidian\xjcawork\project\2023\bjca-捷宇-有方\bjca-捷宇-有方-统一适配pro\main\paddll\paddll\jieyulib\jypaddll\jymfcappactivexgetdevnum\debug\jymfcapp.5f560d96.tlog\link.command.1.tlog
n:\obsidian\xjcawork\project\2023\bjca-捷宇-有方\bjca-捷宇-有方-统一适配pro\main\paddll\paddll\jieyulib\jypaddll\jymfcappactivexgetdevnum\debug\jymfcapp.5f560d96.tlog\link.read.1.tlog
n:\obsidian\xjcawork\project\2023\bjca-捷宇-有方\bjca-捷宇-有方-统一适配pro\main\paddll\paddll\jieyulib\jypaddll\jymfcappactivexgetdevnum\debug\jymfcapp.5f560d96.tlog\link.write.1.tlog
n:\obsidian\xjcawork\project\2023\bjca-捷宇-有方\bjca-捷宇-有方-统一适配pro\main\paddll\paddll\jieyulib\jypaddll\jymfcappactivexgetdevnum\debug\jymfcapp.5f560d96.tlog\rc.command.1.tlog
n:\obsidian\xjcawork\project\2023\bjca-捷宇-有方\bjca-捷宇-有方-统一适配pro\main\paddll\paddll\jieyulib\jypaddll\jymfcappactivexgetdevnum\debug\jymfcapp.5f560d96.tlog\rc.read.1.tlog
n:\obsidian\xjcawork\project\2023\bjca-捷宇-有方\bjca-捷宇-有方-统一适配pro\main\paddll\paddll\jieyulib\jypaddll\jymfcappactivexgetdevnum\debug\jymfcapp.5f560d96.tlog\rc.write.1.tlog
