生成启动时间为 2024/1/4 13:18:11。
     1>项目“N:\obsidian\xjcaWork\Project\2023\bjca-捷宇-有方-统一适配\bjca-捷宇-有方-统一适配Pro\M11_ocx_c++\M11_ocx_c++\M11_ocx_c++.vcxproj”在节点 2 上(Rebuild 个目标)。
     1>ClCompile:
         S:\Program Files (x86)\Microsoft Visual Studio 12.0\VC\bin\CL.exe /c /ZI /nologo /W3 /WX- /Od /Oy- /D WIN32 /D _WINDOWS /D _DEBUG /D _MBCS /D _AFXDLL /Gm /EHsc /RTC1 /MDd /GS /fp:precise /Zc:wchar_t /Zc:forScope /Yc"stdafx.h" /Fp"Debug\M11_ocx_c++.pch" /Fo"Debug\\" /Fd"Debug\vc120.pdb" /Gd /TP /analyze- /errorReport:prompt stdafx.cpp
         stdafx.cpp
     1>s:\program files (x86)\microsoft visual studio 12.0\vc\atlmfc\include\afx.h(38): warning C4996: 'MBCS_Support_Deprecated_In_MFC': MBCS support in MFC is deprecated and may be removed in a future version of MFC.
                 s:\program files (x86)\microsoft visual studio 12.0\vc\atlmfc\include\afx.h(33) : 参见“MBCS_Support_Deprecated_In_MFC”的声明
         S:\Program Files (x86)\Microsoft Visual Studio 12.0\VC\bin\CL.exe /c /ZI /nologo /W3 /WX- /Od /Oy- /D WIN32 /D _WINDOWS /D _DEBUG /D _MBCS /D _AFXDLL /Gm /EHsc /RTC1 /MDd /GS /fp:precise /Zc:wchar_t /Zc:forScope /Yu"stdafx.h" /Fp"Debug\M11_ocx_c++.pch" /Fo"Debug\\" /Fd"Debug\vc120.pdb" /Gd /TP /analyze- /errorReport:prompt M11_ocx_c++.cpp M11_ocx_c++Dlg.cpp writingpadctrl1.cpp
         writingpadctrl1.cpp
         M11_ocx_c++Dlg.cpp
         M11_ocx_c++.cpp
         正在生成代码...
       ResourceCompile:
         C:\Program Files (x86)\Windows Kits\8.1\bin\x86\rc.exe /D _DEBUG /D _AFXDLL /l"0x0804" /IDebug\ /nologo /fo"Debug\M11_ocx_c++.res" M11_ocx_c++.rc 
       Link:
         S:\Program Files (x86)\Microsoft Visual Studio 12.0\VC\bin\link.exe /ERRORREPORT:PROMPT /OUT:"N:\obsidian\xjcaWork\Project\2023\bjca-捷宇-有方-统一适配\bjca-捷宇-有方-统一适配Pro\M11_ocx_c++\Debug\M11_ocx_c++.exe" /INCREMENTAL /NOLOGO /MANIFEST /MANIFESTUAC:"level='asInvoker' uiAccess='false'" /manifest:embed /manifestinput:"S:\Program Files (x86)\Microsoft Visual Studio 12.0\VC\Include\Manifest\dpiaware.manifest" /DEBUG /PDB:"N:\obsidian\xjcaWork\Project\2023\bjca-捷宇-有方-统一适配\bjca-捷宇-有方-统一适配Pro\M11_ocx_c++\Debug\M11_ocx_c++.pdb" /SUBSYSTEM:WINDOWS /TLBID:1 /DYNAMICBASE /NXCOMPAT /IMPLIB:"N:\obsidian\xjcaWork\Project\2023\bjca-捷宇-有方-统一适配\bjca-捷宇-有方-统一适配Pro\M11_ocx_c++\Debug\M11_ocx_c++.lib" /MACHINE:X86 Debug\M11_ocx_c++.res
         Debug\M11_ocx_c++.obj
         Debug\M11_ocx_c++Dlg.obj
         Debug\stdafx.obj
         Debug\writingpadctrl1.obj
         M11_ocx_c++.vcxproj -> N:\obsidian\xjcaWork\Project\2023\bjca-捷宇-有方-统一适配\bjca-捷宇-有方-统一适配Pro\M11_ocx_c++\Debug\M11_ocx_c++.exe
     1>已完成生成项目“N:\obsidian\xjcaWork\Project\2023\bjca-捷宇-有方-统一适配\bjca-捷宇-有方-统一适配Pro\M11_ocx_c++\M11_ocx_c++\M11_ocx_c++.vcxproj”(Rebuild 个目标)的操作。

生成成功。

已用时间 00:00:01.61
