n:\obsidian\xjcawork\project\2023\bjca-捷宇-有方\bjca-捷宇-有方-统一适配pro\main\paddll\paddll\jieyulib\jypaddll\jymfcappactivex\debug\jymfcappactivex.pch
n:\obsidian\xjcawork\project\2023\bjca-捷宇-有方\bjca-捷宇-有方-统一适配pro\main\paddll\paddll\jieyulib\jypaddll\jymfcappactivex\debug\vc120.pdb
n:\obsidian\xjcawork\project\2023\bjca-捷宇-有方\bjca-捷宇-有方-统一适配pro\main\paddll\paddll\jieyulib\jypaddll\jymfcappactivex\debug\vc120.idb
n:\obsidian\xjcawork\project\2023\bjca-捷宇-有方\bjca-捷宇-有方-统一适配pro\main\paddll\paddll\jieyulib\jypaddll\jymfcappactivex\debug\stdafx.obj
n:\obsidian\xjcawork\project\2023\bjca-捷宇-有方\bjca-捷宇-有方-统一适配pro\main\paddll\paddll\jieyulib\jypaddll\jymfcappactivex\debug\jymfcappactivex.obj
n:\obsidian\xjcawork\project\2023\bjca-捷宇-有方\bjca-捷宇-有方-统一适配pro\main\paddll\paddll\jieyulib\jypaddll\jymfcappactivex\debug\jymfcappactivexdlg.obj
n:\obsidian\xjcawork\project\2023\bjca-捷宇-有方\bjca-捷宇-有方-统一适配pro\main\paddll\paddll\jieyulib\jypaddll\jymfcappactivex\debug\writingpadctrl1.obj
n:\obsidian\xjcawork\project\2023\bjca-捷宇-有方\bjca-捷宇-有方-统一适配pro\main\paddll\debug\jymfcappactivex.ilk
n:\obsidian\xjcawork\project\2023\bjca-捷宇-有方\bjca-捷宇-有方-统一适配pro\main\paddll\debug\jymfcappactivex.exe
n:\obsidian\xjcawork\project\2023\bjca-捷宇-有方\bjca-捷宇-有方-统一适配pro\main\paddll\debug\jymfcappactivex.pdb
n:\obsidian\xjcawork\project\2023\bjca-捷宇-有方\bjca-捷宇-有方-统一适配pro\main\paddll\paddll\jieyulib\jypaddll\jymfcappactivex\debug\jymfcappactivex.res
n:\obsidian\xjcawork\project\2023\bjca-捷宇-有方\bjca-捷宇-有方-统一适配pro\main\paddll\paddll\jieyulib\jypaddll\jymfcappactivex\debug\jymfcappactivex.tlog\cl.command.1.tlog
n:\obsidian\xjcawork\project\2023\bjca-捷宇-有方\bjca-捷宇-有方-统一适配pro\main\paddll\paddll\jieyulib\jypaddll\jymfcappactivex\debug\jymfcappactivex.tlog\cl.read.1.tlog
n:\obsidian\xjcawork\project\2023\bjca-捷宇-有方\bjca-捷宇-有方-统一适配pro\main\paddll\paddll\jieyulib\jypaddll\jymfcappactivex\debug\jymfcappactivex.tlog\cl.write.1.tlog
n:\obsidian\xjcawork\project\2023\bjca-捷宇-有方\bjca-捷宇-有方-统一适配pro\main\paddll\paddll\jieyulib\jypaddll\jymfcappactivex\debug\jymfcappactivex.tlog\link.command.1.tlog
n:\obsidian\xjcawork\project\2023\bjca-捷宇-有方\bjca-捷宇-有方-统一适配pro\main\paddll\paddll\jieyulib\jypaddll\jymfcappactivex\debug\jymfcappactivex.tlog\link.read.1.tlog
n:\obsidian\xjcawork\project\2023\bjca-捷宇-有方\bjca-捷宇-有方-统一适配pro\main\paddll\paddll\jieyulib\jypaddll\jymfcappactivex\debug\jymfcappactivex.tlog\link.write.1.tlog
n:\obsidian\xjcawork\project\2023\bjca-捷宇-有方\bjca-捷宇-有方-统一适配pro\main\paddll\paddll\jieyulib\jypaddll\jymfcappactivex\debug\jymfcappactivex.tlog\rc.command.1.tlog
n:\obsidian\xjcawork\project\2023\bjca-捷宇-有方\bjca-捷宇-有方-统一适配pro\main\paddll\paddll\jieyulib\jypaddll\jymfcappactivex\debug\jymfcappactivex.tlog\rc.read.1.tlog
n:\obsidian\xjcawork\project\2023\bjca-捷宇-有方\bjca-捷宇-有方-统一适配pro\main\paddll\paddll\jieyulib\jypaddll\jymfcappactivex\debug\jymfcappactivex.tlog\rc.write.1.tlog
