生成启动时间为 2024/3/5 16:07:27。
     1>项目“N:\vscode111\111Project\TbltUniAdaptPro\Main\PadDll\PadDll\youfangLib\YFMFCApp\YFMFCApp.vcxproj”在节点 2 上(Rebuild 个目标)。
     1>ClCompile:
         S:\Program Files (x86)\Microsoft Visual Studio 12.0\VC\bin\CL.exe /c /Zi /nologo /W3 /WX- /sdl /O2 /Oi /Oy- /GL /D WIN32 /D _WINDOWS /D NDEBUG /D _UNICODE /D UNICODE /D _AFXDLL /Gm- /EHsc /MD /GS /Gy /fp:precise /Zc:wchar_t /Zc:forScope /Yc"stdafx.h" /Fp"Release\YFMFCApp.pch" /Fo"Release\\" /Fd"Release\vc120.pdb" /Gd /TP /analyze- /errorReport:prompt stdafx.cpp
         stdafx.cpp
         S:\Program Files (x86)\Microsoft Visual Studio 12.0\VC\bin\CL.exe /c /Zi /nologo /W3 /WX- /sdl /O2 /Oi /Oy- /GL /D WIN32 /D _WINDOWS /D NDEBUG /D _UNICODE /D UNICODE /D _AFXDLL /Gm- /EHsc /MD /GS /Gy /fp:precise /Zc:wchar_t /Zc:forScope /Yu"stdafx.h" /Fp"Release\YFMFCApp.pch" /Fo"Release\\" /Fd"Release\vc120.pdb" /Gd /TP /analyze- /errorReport:prompt base64.cpp YFMFCApp.cpp YFMFCAppDlg.cpp
         base64.cpp
     1>base64.cpp : warning C4819: 该文件包含不能在当前代码页(936)中表示的字符。请将该文件保存为 Unicode 格式以防止数据丢失
         YFMFCApp.cpp
     1>n:\vscode111\111project\tbltuniadaptpro\main\paddll\paddll\youfanglib\yfmfcapp\device10_server_sdk.h : warning C4819: 该文件包含不能在当前代码页(936)中表示的字符。请将该文件保存为 Unicode 格式以防止数据丢失
     1>n:\vscode111\111project\tbltuniadaptpro\main\paddll\paddll\youfanglib\yfmfcapp\device10_server_sdk.h(718): warning C4819: 该文件包含不能在当前代码页(936)中表示的字符。请将该文件保存为 Unicode 格式以防止数据丢失
     1>n:\vscode111\111project\tbltuniadaptpro\main\paddll\paddll\youfanglib\yfmfcapp\device10_server_sdk.h(1183): warning C4819: 该文件包含不能在当前代码页(936)中表示的字符。请将该文件保存为 Unicode 格式以防止数据丢失
     1>n:\vscode111\111project\tbltuniadaptpro\main\paddll\paddll\youfanglib\yfmfcapp\device10_server_sdk.h(1879): warning C4819: 该文件包含不能在当前代码页(936)中表示的字符。请将该文件保存为 Unicode 格式以防止数据丢失
         YFMFCAppDlg.cpp
     1>n:\vscode111\111project\tbltuniadaptpro\main\paddll\paddll\youfanglib\yfmfcapp\device10_server_sdk.h : warning C4819: 该文件包含不能在当前代码页(936)中表示的字符。请将该文件保存为 Unicode 格式以防止数据丢失
     1>n:\vscode111\111project\tbltuniadaptpro\main\paddll\paddll\youfanglib\yfmfcapp\device10_server_sdk.h(718): warning C4819: 该文件包含不能在当前代码页(936)中表示的字符。请将该文件保存为 Unicode 格式以防止数据丢失
     1>n:\vscode111\111project\tbltuniadaptpro\main\paddll\paddll\youfanglib\yfmfcapp\device10_server_sdk.h(1183): warning C4819: 该文件包含不能在当前代码页(936)中表示的字符。请将该文件保存为 Unicode 格式以防止数据丢失
     1>n:\vscode111\111project\tbltuniadaptpro\main\paddll\paddll\youfanglib\yfmfcapp\device10_server_sdk.h(1879): warning C4819: 该文件包含不能在当前代码页(936)中表示的字符。请将该文件保存为 Unicode 格式以防止数据丢失
     1>YFMFCAppDlg.cpp(202): warning C4244: “初始化”: 从“ULONGLONG”转换到“unsigned int”，可能丢失数据
     1>YFMFCAppDlg.cpp(213): warning C4244: “参数”: 从“ULONGLONG”转换到“unsigned int”，可能丢失数据
       ResourceCompile:
         C:\Program Files (x86)\Windows Kits\8.1\bin\x86\rc.exe /D NDEBUG /D _UNICODE /D UNICODE /D _AFXDLL /l"0x0804" /IRelease\ /nologo /fo"Release\YFMFCApp.res" YFMFCApp.rc 
       Link:
         S:\Program Files (x86)\Microsoft Visual Studio 12.0\VC\bin\link.exe /ERRORREPORT:PROMPT /OUT:"N:\vscode111\111Project\TbltUniAdaptPro\Main\PadDll\Release\YFMFCApp.exe" /INCREMENTAL:NO /NOLOGO /MANIFEST /MANIFESTUAC:"level='asInvoker' uiAccess='false'" /manifest:embed /manifestinput:"S:\Program Files (x86)\Microsoft Visual Studio 12.0\VC\Include\Manifest\dpiaware.manifest" /DEBUG /PDB:"N:\vscode111\111Project\TbltUniAdaptPro\Main\PadDll\Release\YFMFCApp.pdb" /SUBSYSTEM:WINDOWS /OPT:REF /OPT:ICF /LTCG /TLBID:1 /ENTRY:"wWinMainCRTStartup" /DYNAMICBASE /NXCOMPAT /IMPLIB:"N:\vscode111\111Project\TbltUniAdaptPro\Main\PadDll\Release\YFMFCApp.lib" /MACHINE:X86 /SAFESEH Release\YFMFCApp.res
         Release\base64.obj
         Release\stdafx.obj
         Release\YFMFCApp.obj
         Release\YFMFCAppDlg.obj
         正在生成代码
         已完成代码的生成
         YFMFCApp.vcxproj -> N:\vscode111\111Project\TbltUniAdaptPro\Main\PadDll\Release\YFMFCApp.exe
     1>已完成生成项目“N:\vscode111\111Project\TbltUniAdaptPro\Main\PadDll\PadDll\youfangLib\YFMFCApp\YFMFCApp.vcxproj”(Rebuild 个目标)的操作。

生成成功。

已用时间 00:00:02.59
