生成启动时间为 2024/3/5 11:39:13。
     1>项目“N:\vscode111\111Project\TbltUniAdaptPro\Main\PadDll\PadDll\jieyuLib\JYPadDll\JYMFCAppActiveX\JYMFCAppActiveX.vcxproj”在节点 2 上(Rebuild 个目标)。
     1>ClCompile:
         S:\Program Files (x86)\Microsoft Visual Studio 12.0\VC\bin\CL.exe /c /Zi /nologo /W3 /WX- /sdl /O2 /Oi /Oy- /GL /D WIN32 /D _WINDOWS /D NDEBUG /D _MBCS /D _AFXDLL /Gm- /EHsc /MD /GS /Gy /fp:precise /Zc:wchar_t /Zc:forScope /Yc"stdafx.h" /Fp"Release\JYMFCAppActiveX.pch" /Fo"Release\\" /Fd"Release\vc120.pdb" /Gd /TP /analyze- /errorReport:prompt stdafx.cpp
         stdafx.cpp
     1>S:\Program Files (x86)\Microsoft Visual Studio 12.0\VC\atlmfc\include\afx.h(38): warning C4996: 'MBCS_Support_Deprecated_In_MFC': MBCS support in MFC is deprecated and may be removed in a future version of MFC.
                 S:\Program Files (x86)\Microsoft Visual Studio 12.0\VC\atlmfc\include\afx.h(33) : 参见“MBCS_Support_Deprecated_In_MFC”的声明
         S:\Program Files (x86)\Microsoft Visual Studio 12.0\VC\bin\CL.exe /c /Zi /nologo /W3 /WX- /sdl /O2 /Oi /Oy- /GL /D WIN32 /D _WINDOWS /D NDEBUG /D _MBCS /D _AFXDLL /Gm- /EHsc /MD /GS /Gy /fp:precise /Zc:wchar_t /Zc:forScope /Yu"stdafx.h" /Fp"Release\JYMFCAppActiveX.pch" /Fo"Release\\" /Fd"Release\vc120.pdb" /Gd /TP /analyze- /errorReport:prompt JYMFCAppActiveX.cpp JYMFCAppActiveXDlg.cpp writingpadctrl1.cpp
         JYMFCAppActiveX.cpp
         JYMFCAppActiveXDlg.cpp
         writingpadctrl1.cpp
       ResourceCompile:
         C:\Program Files (x86)\Windows Kits\8.1\bin\x86\rc.exe /D NDEBUG /D _AFXDLL /l"0x0804" /IRelease\ /nologo /fo"Release\JYMFCAppActiveX.res" JYMFCAppActiveX.rc 
       Link:
         S:\Program Files (x86)\Microsoft Visual Studio 12.0\VC\bin\link.exe /ERRORREPORT:PROMPT /OUT:"N:\vscode111\111Project\TbltUniAdaptPro\Main\PadDll\PadDll\jieyuLib\JYPadDll\Release\JYMFCAppActiveX.exe" /INCREMENTAL:NO /NOLOGO /MANIFEST /MANIFESTUAC:"level='asInvoker' uiAccess='false'" /manifest:embed /manifestinput:"S:\Program Files (x86)\Microsoft Visual Studio 12.0\VC\Include\Manifest\dpiaware.manifest" /DEBUG /PDB:"N:\vscode111\111Project\TbltUniAdaptPro\Main\PadDll\PadDll\jieyuLib\JYPadDll\Release\JYMFCAppActiveX.pdb" /SUBSYSTEM:WINDOWS /OPT:REF /OPT:ICF /LTCG /TLBID:1 /DYNAMICBASE /NXCOMPAT /IMPLIB:"N:\vscode111\111Project\TbltUniAdaptPro\Main\PadDll\PadDll\jieyuLib\JYPadDll\Release\JYMFCAppActiveX.lib" /MACHINE:X86 /SAFESEH Release\JYMFCAppActiveX.res
         Release\JYMFCAppActiveX.obj
         Release\JYMFCAppActiveXDlg.obj
         Release\stdafx.obj
         Release\writingpadctrl1.obj
         正在生成代码
         已完成代码的生成
         JYMFCAppActiveX.vcxproj -> N:\vscode111\111Project\TbltUniAdaptPro\Main\PadDll\PadDll\jieyuLib\JYPadDll\Release\JYMFCAppActiveX.exe
     1>已完成生成项目“N:\vscode111\111Project\TbltUniAdaptPro\Main\PadDll\PadDll\jieyuLib\JYPadDll\JYMFCAppActiveX\JYMFCAppActiveX.vcxproj”(Rebuild 个目标)的操作。

生成成功。

已用时间 00:00:02.14
