n:\vscode111\111project\tbltuniadaptpro\main\paddll\paddll\youfanglib\yfmfcapp\debug\yfmfcapp.pch
n:\vscode111\111project\tbltuniadaptpro\main\paddll\paddll\youfanglib\yfmfcapp\debug\vc120.pdb
n:\vscode111\111project\tbltuniadaptpro\main\paddll\paddll\youfanglib\yfmfcapp\debug\vc120.idb
n:\vscode111\111project\tbltuniadaptpro\main\paddll\paddll\youfanglib\yfmfcapp\debug\stdafx.obj
n:\vscode111\111project\tbltuniadaptpro\main\paddll\paddll\youfanglib\yfmfcapp\debug\base64.obj
n:\vscode111\111project\tbltuniadaptpro\main\paddll\paddll\youfanglib\yfmfcapp\debug\yfmfcapp.obj
n:\vscode111\111project\tbltuniadaptpro\main\paddll\paddll\youfanglib\yfmfcapp\debug\yfmfcappdlg.obj
n:\vscode111\111project\tbltuniadaptpro\main\paddll\debug\yfmfcapp.ilk
n:\vscode111\111project\tbltuniadaptpro\main\paddll\debug\yfmfcapp.exe
n:\vscode111\111project\tbltuniadaptpro\main\paddll\debug\yfmfcapp.pdb
n:\vscode111\111project\tbltuniadaptpro\main\paddll\paddll\youfanglib\yfmfcapp\debug\yfmfcapp.res
n:\vscode111\111project\tbltuniadaptpro\main\paddll\paddll\youfanglib\yfmfcapp\debug\yfmfcapp.tlog\cl.command.1.tlog
n:\vscode111\111project\tbltuniadaptpro\main\paddll\paddll\youfanglib\yfmfcapp\debug\yfmfcapp.tlog\cl.read.1.tlog
n:\vscode111\111project\tbltuniadaptpro\main\paddll\paddll\youfanglib\yfmfcapp\debug\yfmfcapp.tlog\cl.write.1.tlog
n:\vscode111\111project\tbltuniadaptpro\main\paddll\paddll\youfanglib\yfmfcapp\debug\yfmfcapp.tlog\link.command.1.tlog
n:\vscode111\111project\tbltuniadaptpro\main\paddll\paddll\youfanglib\yfmfcapp\debug\yfmfcapp.tlog\link.read.1.tlog
n:\vscode111\111project\tbltuniadaptpro\main\paddll\paddll\youfanglib\yfmfcapp\debug\yfmfcapp.tlog\link.write.1.tlog
n:\vscode111\111project\tbltuniadaptpro\main\paddll\paddll\youfanglib\yfmfcapp\debug\yfmfcapp.tlog\rc.command.1.tlog
n:\vscode111\111project\tbltuniadaptpro\main\paddll\paddll\youfanglib\yfmfcapp\debug\yfmfcapp.tlog\rc.read.1.tlog
n:\vscode111\111project\tbltuniadaptpro\main\paddll\paddll\youfanglib\yfmfcapp\debug\yfmfcapp.tlog\rc.write.1.tlog
